<?xml version="1.0" encoding="UTF-8"?>
<testng-results ignored="0" total="2" passed="2" failed="0" skipped="0">
  <reporter-output>
  </reporter-output>
  <suite started-at="2025-04-01T14:02:17 IST" name="Default suite" finished-at="2025-04-01T14:02:29 IST" duration-ms="12345">
    <groups>
      <group name="cucumber">
        <method signature="AbstractTestNGCucumberTests.runScenario(io.cucumber.testng.PickleWrapper,io.cucumber.testng.FeatureWrapper)[pri:0, instance:runner.testRunner@2925bf5b]" name="runScenario" class="io.cucumber.testng.AbstractTestNGCucumberTests"/>
      </group> <!-- cucumber -->
    </groups>
    <test started-at="2025-04-01T14:02:17 IST" name="Default test" finished-at="2025-04-01T14:02:29 IST" duration-ms="12345">
      <class name="runner.testRunner">
        <test-method is-config="true" signature="setUpClass(org.testng.ITestContext)[pri:0, instance:runner.testRunner@2925bf5b]" started-at="2025-04-01T14:02:17 IST" name="setUpClass" finished-at="2025-04-01T14:02:17 IST" duration-ms="430" status="PASS">
          <params>
            <param index="0">
              <value>
                <![CDATA[org.testng.TestRunner@741f8dbe]]>
              </value>
            </param>
          </params>
          <reporter-output>
          </reporter-output>
        </test-method> <!-- setUpClass -->
        <test-method signature="runScenario(io.cucumber.testng.PickleWrapper,io.cucumber.testng.FeatureWrapper)[pri:0, instance:runner.testRunner@2925bf5b]" started-at="2025-04-01T14:02:17 IST" name="runScenario" description="Runs Cucumber Scenarios" data-provider="scenarios" finished-at="2025-04-01T14:02:25 IST" duration-ms="7690" status="PASS">
          <params>
            <param index="0">
              <value>
                <![CDATA["enter user details"]]>
              </value>
            </param>
            <param index="1">
              <value>
                <![CDATA["login test"]]>
              </value>
            </param>
          </params>
          <reporter-output>
          </reporter-output>
        </test-method> <!-- runScenario -->
        <test-method signature="runScenario(io.cucumber.testng.PickleWrapper,io.cucumber.testng.FeatureWrapper)[pri:0, instance:runner.testRunner@2925bf5b]" started-at="2025-04-01T14:02:25 IST" name="runScenario" description="Runs Cucumber Scenarios" data-provider="scenarios" finished-at="2025-04-01T14:02:29 IST" duration-ms="3621" status="PASS">
          <params>
            <param index="0">
              <value>
                <![CDATA["here or not"]]>
              </value>
            </param>
            <param index="1">
              <value>
                <![CDATA["check"]]>
              </value>
            </param>
          </params>
          <reporter-output>
          </reporter-output>
        </test-method> <!-- runScenario -->
        <test-method is-config="true" signature="tearDownClass()[pri:0, instance:runner.testRunner@2925bf5b]" started-at="2025-04-01T14:02:29 IST" name="tearDownClass" finished-at="2025-04-01T14:02:29 IST" duration-ms="486" status="PASS">
          <reporter-output>
          </reporter-output>
        </test-method> <!-- tearDownClass -->
      </class> <!-- runner.testRunner -->
    </test> <!-- Default test -->
  </suite> <!-- Default suite -->
</testng-results>
